<?xml version="1.0" encoding="UTF-8"?>
<!-- Generated by org.testng.reporters.JUnitReportReporter -->
<testsuite hostname="asda1777po02529" failures="0" tests="2" name="com.qa.Tatoc_POM.Tatoc_TestCases" time="6.604" errors="0" timestamp="27 Jun 2019 06:47:50 GMT" skipped="0">
  <testcase classname="com.qa.Tatoc_POM.Tatoc_TestCases" name="start" time="1.868"/>
  <testcase classname="com.qa.Tatoc_POM.Tatoc_TestCases" name="operations" time="4.736"/>
</testsuite> <!-- com.qa.Tatoc_POM.Tatoc_TestCases -->
